# JRE version: Java(TM) SE Runtime Environment (15.0.1+9) (build 15.0.1+9-18)
# Java VM: Java HotSpot(TM) 64-Bit Server VM (15.0.1+9-18, mixed mode, sharing, tiered, compressed oops, g1 gc, windows-amd64)
GC Precious Log:
 CPUs: 8 total, 8 available
 Memory: 8035M
 Large Page Support: Disabled
 NUMA Support: Disabled
 Compressed Oops: Enabled (32-bit)
 Heap Region Size: 1M
 Heap Min Capacity: 8M
 Heap Initial Capacity: 126M
 Heap Max Capacity: 2G
 Pre-touch: Disabled
 Parallel Workers: 8
 Concurrent Workers: 2
 Concurrent Refinement Workers: 8
 Periodic GC: Disabled
Heap:
 garbage-first heap   total 76800K, used 59040K [0x0000000080000000, 0x0000000100000000)
  region size 1024K, 19 young (19456K), 2 survivors (2048K)
 Metaspace       used 50313K, capacity 51126K, committed 51376K, reserved 561152K
  class space    used 6852K, capacity 7146K, committed 7168K, reserved 516096K
GC Heap History (20 events):
Event: 8.916 GC heap before
{Heap before GC invocations=3 (full 0):
 garbage-first heap   total 129024K, used 50147K [0x0000000080000000, 0x0000000100000000)
  region size 1024K, 41 young (41984K), 9 survivors (9216K)
 Metaspace       used 20831K, capacity 21150K, committed 21296K, reserved 534528K
  class space    used 2985K, capacity 3121K, committed 3200K, reserved 516096K
}
Event: 8.925 GC heap after
{Heap after GC invocations=4 (full 0):
 garbage-first heap   total 129024K, used 20598K [0x0000000080000000, 0x0000000100000000)
  region size 1024K, 3 young (3072K), 3 survivors (3072K)
 Metaspace       used 20831K, capacity 21150K, committed 21296K, reserved 534528K
  class space    used 2985K, capacity 3121K, committed 3200K, reserved 516096K
}
Event: 10.553 GC heap before
{Heap before GC invocations=5 (full 0):
 garbage-first heap   total 75776K, used 61558K [0x0000000080000000, 0x0000000100000000)
  region size 1024K, 44 young (45056K), 3 survivors (3072K)
 Metaspace       used 29013K, capacity 29477K, committed 29744K, reserved 542720K
  class space    used 3968K, capacity 4106K, committed 4224K, reserved 516096K
}
Event: 10.561 GC heap after
{Heap after GC invocations=6 (full 0):
 garbage-first heap   total 75776K, used 24354K [0x0000000080000000, 0x0000000100000000)
  region size 1024K, 6 young (6144K), 6 survivors (6144K)
 Metaspace       used 29013K, capacity 29477K, committed 29744K, reserved 542720K
  class space    used 3968K, capacity 4106K, committed 4224K, reserved 516096K
}
Event: 11.290 GC heap before
{Heap before GC invocations=6 (full 0):
 garbage-first heap   total 75776K, used 58146K [0x0000000080000000, 0x0000000100000000)
  region size 1024K, 37 young (37888K), 6 survivors (6144K)
 Metaspace       used 31707K, capacity 32259K, committed 32560K, reserved 544768K
  class space    used 4248K, capacity 4411K, committed 4480K, reserved 516096K
}
Event: 11.299 GC heap after
{Heap after GC invocations=7 (full 0):
 garbage-first heap   total 75776K, used 26442K [0x0000000080000000, 0x0000000100000000)
  region size 1024K, 3 young (3072K), 3 survivors (3072K)
 Metaspace       used 31707K, capacity 32259K, committed 32560K, reserved 544768K
  class space    used 4248K, capacity 4411K, committed 4480K, reserved 516096K
}
Event: 23.295 GC heap before
{Heap before GC invocations=7 (full 0):
 garbage-first heap   total 75776K, used 56138K [0x0000000080000000, 0x0000000100000000)
  region size 1024K, 32 young (32768K), 3 survivors (3072K)
 Metaspace       used 32744K, capacity 33297K, committed 33456K, reserved 546816K
  class space    used 4384K, capacity 4545K, committed 4608K, reserved 516096K
}
Event: 23.301 GC heap after
{Heap after GC invocations=8 (full 0):
 garbage-first heap   total 75776K, used 29262K [0x0000000080000000, 0x0000000100000000)
  region size 1024K, 3 young (3072K), 3 survivors (3072K)
 Metaspace       used 32744K, capacity 33297K, committed 33456K, reserved 546816K
  class space    used 4384K, capacity 4545K, committed 4608K, reserved 516096K
}
Event: 24.427 GC heap before
{Heap before GC invocations=8 (full 0):
 garbage-first heap   total 75776K, used 52814K [0x0000000080000000, 0x0000000100000000)
  region size 1024K, 27 young (27648K), 3 survivors (3072K)
 Metaspace       used 35082K, capacity 35712K, committed 35888K, reserved 548864K
  class space    used 4624K, capacity 4872K, committed 4992K, reserved 516096K
}
Event: 24.431 GC heap after
{Heap after GC invocations=9 (full 0):
 garbage-first heap   total 75776K, used 30670K [0x0000000080000000, 0x0000000100000000)
  region size 1024K, 2 young (2048K), 2 survivors (2048K)
 Metaspace       used 35082K, capacity 35712K, committed 35888K, reserved 548864K
  class space    used 4624K, capacity 4872K, committed 4992K, reserved 516096K
}
Event: 25.037 GC heap before
{Heap before GC invocations=10 (full 0):
 garbage-first heap   total 75776K, used 58318K [0x0000000080000000, 0x0000000100000000)
  region size 1024K, 29 young (29696K), 2 survivors (2048K)
 Metaspace       used 38194K, capacity 38897K, committed 39216K, reserved 550912K
  class space    used 5142K, capacity 5396K, committed 5504K, reserved 516096K
}
Event: 25.041 GC heap after
{Heap after GC invocations=11 (full 0):
 garbage-first heap   total 75776K, used 32243K [0x0000000080000000, 0x0000000100000000)
  region size 1024K, 3 young (3072K), 3 survivors (3072K)
 Metaspace       used 38194K, capacity 38897K, committed 39216K, reserved 550912K
  class space    used 5142K, capacity 5396K, committed 5504K, reserved 516096K
}
Event: 25.762 GC heap before
{Heap before GC invocations=11 (full 0):
 garbage-first heap   total 75776K, used 58867K [0x0000000080000000, 0x0000000100000000)
  region size 1024K, 30 young (30720K), 3 survivors (3072K)
 Metaspace       used 41813K, capacity 42509K, committed 42800K, reserved 552960K
  class space    used 5652K, capacity 5907K, committed 6016K, reserved 516096K
}
Event: 25.768 GC heap after
{Heap after GC invocations=12 (full 0):
 garbage-first heap   total 75776K, used 33424K [0x0000000080000000, 0x0000000100000000)
  region size 1024K, 3 young (3072K), 3 survivors (3072K)
 Metaspace       used 41813K, capacity 42509K, committed 42800K, reserved 552960K
  class space    used 5652K, capacity 5907K, committed 6016K, reserved 516096K
}
Event: 26.166 GC heap before
{Heap before GC invocations=12 (full 0):
 garbage-first heap   total 75776K, used 45712K [0x0000000080000000, 0x0000000100000000)
  region size 1024K, 15 young (15360K), 3 survivors (3072K)
 Metaspace       used 42453K, capacity 43205K, committed 43312K, reserved 555008K
  class space    used 5731K, capacity 6011K, committed 6016K, reserved 516096K
}
Event: 26.170 GC heap after
{Heap after GC invocations=13 (full 0):
 garbage-first heap   total 75776K, used 35952K [0x0000000080000000, 0x0000000100000000)
  region size 1024K, 3 young (3072K), 3 survivors (3072K)
 Metaspace       used 42453K, capacity 43205K, committed 43312K, reserved 555008K
  class space    used 5731K, capacity 6011K, committed 6016K, reserved 516096K
}
Event: 26.838 GC heap before
{Heap before GC invocations=14 (full 0):
 garbage-first heap   total 75776K, used 63600K [0x0000000080000000, 0x0000000100000000)
  region size 1024K, 27 young (27648K), 3 survivors (3072K)
 Metaspace       used 46004K, capacity 46709K, committed 46896K, reserved 557056K
  class space    used 6225K, capacity 6513K, committed 6528K, reserved 516096K
}
Event: 26.842 GC heap after
{Heap after GC invocations=15 (full 0):
 garbage-first heap   total 75776K, used 41402K [0x0000000080000000, 0x0000000100000000)
  region size 1024K, 4 young (4096K), 4 survivors (4096K)
 Metaspace       used 46004K, capacity 46709K, committed 46896K, reserved 557056K
  class space    used 6225K, capacity 6513K, committed 6528K, reserved 516096K
}
Event: 27.348 GC heap before
{Heap before GC invocations=15 (full 0):
 garbage-first heap   total 75776K, used 61882K [0x0000000080000000, 0x0000000100000000)
  region size 1024K, 24 young (24576K), 4 survivors (4096K)
 Metaspace       used 48254K, capacity 49033K, committed 49328K, reserved 559104K
  class space    used 6558K, capacity 6854K, committed 6912K, reserved 516096K
}
Event: 27.353 GC heap after
{Heap after GC invocations=16 (full 0):
 garbage-first heap   total 75776K, used 42656K [0x0000000080000000, 0x0000000100000000)
  region size 1024K, 2 young (2048K), 2 survivors (2048K)
 Metaspace       used 48254K, capacity 49033K, committed 49328K, reserved 559104K
  class space    used 6558K, capacity 6854K, committed 6912K, reserved 516096K
}

